<?xml version="1.0" encoding="UTF-8"?>
<!-- Generated by org.testng.reporters.JUnitReportReporter -->
<testsuite hostname="L-INE-5N15T93" failures="1" tests="31" name="com.Runner.Runner$CucumberRunnerTests" time="299.999" errors="1" timestamp="2023-10-10T15:02:28 IST" skipped="0">
  <testcase classname="com.Runner.Runner$CucumberRunnerTests" name="runScenario" time="6.040"/>
  <testcase classname="com.Runner.Runner$CucumberRunnerTests" name="runScenario" time="8.399"/>
  <testcase classname="com.Runner.Runner$CucumberRunnerTests" name="runScenario" time="8.439"/>
  <testcase classname="com.Runner.Runner$CucumberRunnerTests" name="runScenario" time="7.891"/>
  <testcase classname="com.Runner.Runner$CucumberRunnerTests" name="runScenario" time="12.816"/>
  <testcase classname="com.Runner.Runner$CucumberRunnerTests" name="runScenario" time="12.270"/>
  <testcase classname="com.Runner.Runner$CucumberRunnerTests" name="runScenario" time="10.407"/>
  <testcase classname="com.Runner.Runner$CucumberRunnerTests" name="runScenario" time="9.031"/>
  <testcase classname="com.Runner.Runner$CucumberRunnerTests" name="runScenario" time="8.505"/>
  <testcase classname="com.Runner.Runner$CucumberRunnerTests" name="runScenario" time="5.958"/>
  <testcase classname="com.Runner.Runner$CucumberRunnerTests" name="runScenario" time="11.646"/>
  <testcase classname="com.Runner.Runner$CucumberRunnerTests" name="runScenario" time="8.329"/>
  <testcase classname="com.Runner.Runner$CucumberRunnerTests" name="runScenario" time="11.934"/>
  <testcase classname="com.Runner.Runner$CucumberRunnerTests" name="runScenario" time="8.662"/>
  <testcase classname="com.Runner.Runner$CucumberRunnerTests" name="runScenario" time="8.469"/>
  <testcase classname="com.Runner.Runner$CucumberRunnerTests" name="runScenario" time="7.755"/>
  <testcase classname="com.Runner.Runner$CucumberRunnerTests" name="runScenario" time="6.965">
    <failure message="did not expect [Login was unsuccessful. Please correct the errors and try again.] but found [Login was unsuccessful. Please correct the errors and try again.]" type="java.lang.AssertionError">
      <![CDATA[java.lang.AssertionError: did not expect [Login was unsuccessful. Please correct the errors and try again.] but found [Login was unsuccessful. Please correct the errors and try again.]
at org.testng.Assert.fail(Assert.java:111)
at org.testng.Assert.failEquals(Assert.java:1582)
at org.testng.Assert.assertNotEqualsImpl(Assert.java:157)
at org.testng.Assert.assertNotEquals(Assert.java:2198)
at org.testng.Assert.assertNotEquals(Assert.java:2220)
at com.actions.LoginPageActions.AssertMessageNegative(LoginPageActions.java:69)
at com.StepDefinations.loginPageStepDefination.user_should_not_be_logged_in_successfully(loginPageStepDefination.java:71)
at ✽.User should not be logged in successfully(file:///C:/Users/ctawade/OneDrive%20-%20Expleo%20France/Documents/TestDemoWebShop/src/test/resources/features/TC_2_LoginPage.feature:25)
]]>
    </failure>
  </testcase> <!-- runScenario -->
  <testcase classname="com.Runner.Runner$CucumberRunnerTests" name="runScenario" time="9.619"/>
  <testcase classname="com.Runner.Runner$CucumberRunnerTests" name="runScenario" time="11.362"/>
  <testcase classname="com.Runner.Runner$CucumberRunnerTests" name="runScenario" time="10.255"/>
  <testcase classname="com.Runner.Runner$CucumberRunnerTests" name="runScenario" time="8.589"/>
  <testcase classname="com.Runner.Runner$CucumberRunnerTests" name="runScenario" time="6.761"/>
  <testcase classname="com.Runner.Runner$CucumberRunnerTests" name="runScenario" time="15.818"/>
  <testcase classname="com.Runner.Runner$CucumberRunnerTests" name="runScenario" time="9.175"/>
  <testcase classname="com.Runner.Runner$CucumberRunnerTests" name="runScenario" time="14.458">
    <error message="no such element: Unable to locate element: {&quot;method&quot;:&quot;xpath&quot;,&quot;selector&quot;:&quot;//div[@class=&quot;result&quot;]&quot;}
  (Session info: chrome=117.0.5938.150)
For documentation on this error, please visit: https://www.selenium.dev/documentation/webdriver/troubleshooting/errors#no-such-element-exception
Build info: version: &#039;4.12.1&#039;, revision: &#039;8e34639b11&#039;
System info: os.name: &#039;Windows 10&#039;, os.arch: &#039;amd64&#039;, os.version: &#039;10.0&#039;, java.version: &#039;20.0.1&#039;
Driver info: org.openqa.selenium.chrome.ChromeDriver
Command: [680aceb75152a67df8d2942e75ba5893, findElement {using=xpath, value=//div[@class=&quot;result&quot;]}]
Capabilities {acceptInsecureCerts: false, browserName: chrome, browserVersion: 117.0.5938.150, chrome: {chromedriverVersion: 117.0.5938.149 (e3344ddefa1..., userDataDir: C:\Users\ctawade\AppData\Lo...}, fedcm:accounts: true, goog:chromeOptions: {debuggerAddress: localhost:50987}, networkConnectionEnabled: false, pageLoadStrategy: normal, platformName: windows, proxy: Proxy(), se:cdp: ws://localhost:50987/devtoo..., se:cdpVersion: 117.0.5938.150, setWindowRect: true, strictFileInteractability: false, timeouts: {implicit: 0, pageLoad: 300000, script: 30000}, unhandledPromptBehavior: dismiss and notify, webauthn:extension:credBlob: true, webauthn:extension:largeBlob: true, webauthn:extension:minPinLength: true, webauthn:extension:prf: true, webauthn:virtualAuthenticators: true}
Session ID: 680aceb75152a67df8d2942e75ba5893" type="org.openqa.selenium.NoSuchElementException">
      <![CDATA[org.openqa.selenium.NoSuchElementException: no such element: Unable to locate element: {"method":"xpath","selector":"//div[@class="result"]"}
  (Session info: chrome=117.0.5938.150)
For documentation on this error, please visit: https://www.selenium.dev/documentation/webdriver/troubleshooting/errors#no-such-element-exception
Build info: version: '4.12.1', revision: '8e34639b11'
System info: os.name: 'Windows 10', os.arch: 'amd64', os.version: '10.0', java.version: '20.0.1'
Driver info: org.openqa.selenium.chrome.ChromeDriver
Command: [680aceb75152a67df8d2942e75ba5893, findElement {using=xpath, value=//div[@class="result"]}]
Capabilities {acceptInsecureCerts: false, browserName: chrome, browserVersion: 117.0.5938.150, chrome: {chromedriverVersion: 117.0.5938.149 (e3344ddefa1..., userDataDir: C:\Users\ctawade\AppData\Lo...}, fedcm:accounts: true, goog:chromeOptions: {debuggerAddress: localhost:50987}, networkConnectionEnabled: false, pageLoadStrategy: normal, platformName: windows, proxy: Proxy(), se:cdp: ws://localhost:50987/devtoo..., se:cdpVersion: 117.0.5938.150, setWindowRect: true, strictFileInteractability: false, timeouts: {implicit: 0, pageLoad: 300000, script: 30000}, unhandledPromptBehavior: dismiss and notify, webauthn:extension:credBlob: true, webauthn:extension:largeBlob: true, webauthn:extension:minPinLength: true, webauthn:extension:prf: true, webauthn:virtualAuthenticators: true}
Session ID: 680aceb75152a67df8d2942e75ba5893
at java.base/jdk.internal.reflect.DirectConstructorHandleAccessor.newInstance(DirectConstructorHandleAccessor.java:67)
at java.base/java.lang.reflect.Constructor.newInstanceWithCaller(Constructor.java:500)
at java.base/java.lang.reflect.Constructor.newInstance(Constructor.java:484)
at org.openqa.selenium.remote.codec.w3c.W3CHttpResponseCodec.createException(W3CHttpResponseCodec.java:200)
at org.openqa.selenium.remote.codec.w3c.W3CHttpResponseCodec.decode(W3CHttpResponseCodec.java:133)
at org.openqa.selenium.remote.codec.w3c.W3CHttpResponseCodec.decode(W3CHttpResponseCodec.java:52)
at org.openqa.selenium.remote.HttpCommandExecutor.execute(HttpCommandExecutor.java:191)
at org.openqa.selenium.remote.service.DriverCommandExecutor.invokeExecute(DriverCommandExecutor.java:196)
at org.openqa.selenium.remote.service.DriverCommandExecutor.execute(DriverCommandExecutor.java:171)
at org.openqa.selenium.remote.RemoteWebDriver.execute(RemoteWebDriver.java:602)
at org.openqa.selenium.remote.ElementLocation$ElementFinder$2.findElement(ElementLocation.java:165)
at org.openqa.selenium.remote.ElementLocation.findElement(ElementLocation.java:59)
at org.openqa.selenium.remote.RemoteWebDriver.findElement(RemoteWebDriver.java:359)
at org.openqa.selenium.remote.RemoteWebDriver.findElement(RemoteWebDriver.java:353)
at org.openqa.selenium.support.pagefactory.DefaultElementLocator.findElement(DefaultElementLocator.java:68)
at org.openqa.selenium.support.pagefactory.internal.LocatingElementHandler.invoke(LocatingElementHandler.java:38)
at jdk.proxy2/jdk.proxy2.$Proxy45.getText(Unknown Source)
at com.actions.RegisterPageActions.assertMessage(RegisterPageActions.java:84)
at com.StepDefinations.RegisterPageStepDefinition.validate_whether_user_is_registered_successfully(RegisterPageStepDefinition.java:55)
at com.StepDefinations.RegisterPageStepDefinition.fill_out_the_registration_form(RegisterPageStepDefinition.java:41)
at ✽.Fill out the registration form(file:///C:/Users/ctawade/OneDrive%20-%20Expleo%20France/Documents/TestDemoWebShop/src/test/resources/features/TC_1_Registration.feature:10)
]]>
    </error>
  </testcase> <!-- runScenario -->
  <testcase classname="com.Runner.Runner$CucumberRunnerTests" name="runScenario" time="6.509"/>
  <testcase classname="com.Runner.Runner$CucumberRunnerTests" name="runScenario" time="10.942"/>
  <testcase classname="com.Runner.Runner$CucumberRunnerTests" name="runScenario" time="8.052"/>
  <testcase classname="com.Runner.Runner$CucumberRunnerTests" name="runScenario" time="11.455"/>
  <testcase classname="com.Runner.Runner$CucumberRunnerTests" name="runScenario" time="16.941"/>
  <testcase classname="com.Runner.Runner$CucumberRunnerTests" name="runScenario" time="6.547"/>
</testsuite> <!-- com.Runner.Runner$CucumberRunnerTests -->
