<?xml version="1.0" encoding="UTF-8"?>
<!-- Generated by org.testng.reporters.JUnitReportReporter -->
<testsuite hostname="L-INE-72Z4T93" failures="0" tests="3" name="com.Runner.Runner$CucumberRunnerTests" time="42.043" errors="0" timestamp="2023-09-29T07:01:07 IST" skipped="0">
  <testcase classname="com.Runner.Runner$CucumberRunnerTests" name="runScenario" time="9.193"/>
  <testcase classname="com.Runner.Runner$CucumberRunnerTests" name="runScenario" time="12.019"/>
  <testcase classname="com.Runner.Runner$CucumberRunnerTests" name="runScenario" time="20.831"/>
</testsuite> <!-- com.Runner.Runner$CucumberRunnerTests -->
