<?xml version="1.0" encoding="UTF-8"?>
<!-- Generated by org.testng.reporters.JUnitReportReporter -->
<testsuite hostname="L-INE-72Z4T93" failures="0" tests="3" name="com.Runner.Runner$CucumberRunnerTests" time="30.705" errors="0" timestamp="2023-09-28T15:04:28 IST" skipped="0">
  <testcase classname="com.Runner.Runner$CucumberRunnerTests" name="runScenario" time="9.165"/>
  <testcase classname="com.Runner.Runner$CucumberRunnerTests" name="runScenario" time="15.758"/>
  <testcase classname="com.Runner.Runner$CucumberRunnerTests" name="runScenario" time="5.782"/>
</testsuite> <!-- com.Runner.Runner$CucumberRunnerTests -->
