<?xml version="1.0" encoding="UTF-8"?>
<!-- Generated by org.testng.reporters.JUnitReportReporter -->
<testsuite hostname="L-INE-H0Z4T93" failures="0" tests="10" name="com.Runner.Runner$CucumberRunnerTests" time="83.950" errors="0" timestamp="2023-09-28T13:06:40 IST" skipped="0">
  <testcase classname="com.Runner.Runner$CucumberRunnerTests" name="runScenario" time="13.840"/>
  <testcase classname="com.Runner.Runner$CucumberRunnerTests" name="runScenario" time="6.775"/>
  <testcase classname="com.Runner.Runner$CucumberRunnerTests" name="runScenario" time="6.242"/>
  <testcase classname="com.Runner.Runner$CucumberRunnerTests" name="runScenario" time="8.728"/>
  <testcase classname="com.Runner.Runner$CucumberRunnerTests" name="runScenario" time="8.752"/>
  <testcase classname="com.Runner.Runner$CucumberRunnerTests" name="runScenario" time="9.548"/>
  <testcase classname="com.Runner.Runner$CucumberRunnerTests" name="runScenario" time="9.122"/>
  <testcase classname="com.Runner.Runner$CucumberRunnerTests" name="runScenario" time="6.700"/>
  <testcase classname="com.Runner.Runner$CucumberRunnerTests" name="runScenario" time="7.231"/>
  <testcase classname="com.Runner.Runner$CucumberRunnerTests" name="runScenario" time="7.012"/>
</testsuite> <!-- com.Runner.Runner$CucumberRunnerTests -->
